<?xml version="1.0" encoding="UTF-8"?>
<!-- Generated by org.testng.reporters.JUnitReportReporter -->
<testsuite hostname="POOLW42SLPC6973" failures="0" tests="1" name="TestCase.Uploadimage" time="25.925" errors="0" timestamp="2022-12-09T14:32:29 IST" skipped="0">
  <testcase classname="TestCase.Uploadimage" name="ValidData" time="25.925"/>
  <system-out/>
</testsuite> <!-- TestCase.Uploadimage -->
