<?xml version="1.0" encoding="UTF-8"?>
<!-- Generated by org.testng.reporters.JUnitReportReporter -->
<testsuite hostname="POOLW42SLPC6973" failures="0" tests="7" name="TestCase.Coupon" time="223.617" errors="0" timestamp="2022-12-09T13:01:56 IST" skipped="0">
  <testcase classname="TestCase.Coupon" name="ValidData" time="37.005"/>
  <system-out/>
  <testcase classname="TestCase.Coupon" name="InValidData" time="20.148"/>
  <system-out/>
  <testcase classname="TestCase.Coupon" name="InValidAllCapitalData" time="35.138"/>
  <system-out/>
  <testcase classname="TestCase.Coupon" name="InValidBlankData" time="31.833"/>
  <system-out/>
  <testcase classname="TestCase.Coupon" name="InValidLowercaseData" time="31.898"/>
  <system-out/>
  <testcase classname="TestCase.Coupon" name="InValidSpecialcharData" time="30.658"/>
  <system-out/>
  <testcase classname="TestCase.Coupon" name="InValidSymbolsData" time="36.937"/>
  <system-out/>
</testsuite> <!-- TestCase.Coupon -->
